2024-09-03 15:21:37,342 - Downscaling dataset: SST_baseline
2024-09-03 15:21:46,557 - Downscaling dataset: SST_SSP245
2024-09-03 15:21:55,697 - Downscaling dataset: SST_SSP119
2024-09-03 15:22:04,158 - Downscaling dataset: SST_SSP585
2024-09-03 15:22:12,403 - Downscaling dataset: SST_SSP460
2024-09-03 15:22:21,814 - Downscaling dataset: SST_SSP126
2024-09-03 15:22:29,841 - Downscaling dataset: SALINITY_baseline
2024-09-03 15:22:37,525 - Downscaling dataset: SALINITY_SSP245
2024-09-03 15:22:45,627 - Downscaling dataset: SALINITY_SSP119
2024-09-03 15:22:53,741 - Downscaling dataset: SALINITY_SSP585
2024-09-03 15:23:02,900 - Downscaling dataset: SALINITY_SSP460
2024-09-03 15:23:10,724 - Downscaling dataset: SALINITY_SSP126

2024-09-12 13:10:02,577 - Downscaling to dataset: EDITO_DUC_bathymetry.zarr
2024-09-12 13:10:38,355 - Downscaling to dataset: EDITO_DUC_bathymetry.zarr
2024-09-12 13:10:43,523 - >> Working on VAR elevation - batch 1/560:windows [0-500]/280000
2024-09-12 13:10:57,756 - >> Working on VAR elevation - batch 2/560:windows [500-1000]/280000
2024-09-12 13:11:10,611 - >> Working on VAR elevation - batch 3/560:windows [1000-1500]/280000
2024-09-12 13:11:28,459 - >> Working on VAR elevation - batch 4/560:windows [1500-2000]/280000
2024-09-12 13:11:48,099 - >> Working on VAR elevation - batch 5/560:windows [2000-2500]/280000
2024-09-12 13:12:03,003 - >> Working on VAR elevation - batch 6/560:windows [2500-3000]/280000
2024-09-12 13:12:18,703 - >> Working on VAR elevation - batch 7/560:windows [3000-3500]/280000
2024-09-12 13:12:29,682 - >> Working on VAR elevation - batch 8/560:windows [3500-4000]/280000
2024-09-12 13:12:43,930 - >> Working on VAR elevation - batch 9/560:windows [4000-4500]/280000
2024-09-12 13:12:57,212 - >> Working on VAR elevation - batch 10/560:windows [4500-5000]/280000
2024-09-12 13:13:09,706 - >> Working on VAR elevation - batch 11/560:windows [5000-5500]/280000
2024-09-12 13:13:22,761 - >> Working on VAR elevation - batch 12/560:windows [5500-6000]/280000
2024-09-12 13:13:36,835 - >> Working on VAR elevation - batch 13/560:windows [6000-6500]/280000
2024-09-12 13:13:49,174 - >> Working on VAR elevation - batch 14/560:windows [6500-7000]/280000
2024-09-12 13:14:00,130 - >> Working on VAR elevation - batch 15/560:windows [7000-7500]/280000
2024-09-12 13:14:47,942 - >> Working on VAR elevation - batch 16/560:windows [7500-8000]/280000
2024-09-12 13:15:04,806 - >> Working on VAR elevation - batch 17/560:windows [8000-8500]/280000
2024-09-12 13:15:17,563 - >> Working on VAR elevation - batch 18/560:windows [8500-9000]/280000
2024-09-12 13:15:31,658 - >> Working on VAR elevation - batch 19/560:windows [9000-9500]/280000
2024-09-12 13:15:45,548 - >> Working on VAR elevation - batch 20/560:windows [9500-10000]/280000
2024-09-12 13:16:00,227 - >> Working on VAR elevation - batch 21/560:windows [10000-10500]/280000
2024-09-12 13:16:10,966 - >> Working on VAR elevation - batch 22/560:windows [10500-11000]/280000
2024-09-12 13:16:24,842 - >> Working on VAR elevation - batch 23/560:windows [11000-11500]/280000
2024-09-12 13:16:38,394 - >> Working on VAR elevation - batch 24/560:windows [11500-12000]/280000
2024-09-12 13:16:49,512 - >> Working on VAR elevation - batch 25/560:windows [12000-12500]/280000
2024-09-12 13:17:02,546 - >> Working on VAR elevation - batch 26/560:windows [12500-13000]/280000
2024-09-12 13:17:33,413 - >> Working on VAR elevation - batch 27/560:windows [13000-13500]/280000
2024-09-12 13:17:45,290 - >> Working on VAR elevation - batch 28/560:windows [13500-14000]/280000
2024-09-12 13:17:56,594 - >> Working on VAR elevation - batch 29/560:windows [14000-14500]/280000
2024-09-12 13:18:11,100 - >> Working on VAR elevation - batch 30/560:windows [14500-15000]/280000
2024-09-12 13:18:24,925 - >> Working on VAR elevation - batch 31/560:windows [15000-15500]/280000
2024-09-12 13:18:41,155 - >> Working on VAR elevation - batch 32/560:windows [15500-16000]/280000
2024-09-12 13:19:02,348 - >> Working on VAR elevation - batch 33/560:windows [16000-16500]/280000
2024-09-12 13:19:17,860 - >> Working on VAR elevation - batch 34/560:windows [16500-17000]/280000
2024-09-12 13:19:30,121 - >> Working on VAR elevation - batch 35/560:windows [17000-17500]/280000
2024-09-12 13:19:40,826 - >> Working on VAR elevation - batch 36/560:windows [17500-18000]/280000
2024-09-12 13:19:57,702 - >> Working on VAR elevation - batch 37/560:windows [18000-18500]/280000
2024-09-12 13:20:13,122 - >> Working on VAR elevation - batch 38/560:windows [18500-19000]/280000
2024-09-12 13:20:24,964 - >> Working on VAR elevation - batch 39/560:windows [19000-19500]/280000
2024-09-12 13:20:37,050 - >> Working on VAR elevation - batch 40/560:windows [19500-20000]/280000
2024-09-12 13:20:52,621 - >> Working on VAR elevation - batch 41/560:windows [20000-20500]/280000
2024-09-12 13:21:04,372 - >> Working on VAR elevation - batch 42/560:windows [20500-21000]/280000
2024-09-12 13:21:15,426 - >> Working on VAR elevation - batch 43/560:windows [21000-21500]/280000
2024-09-12 13:21:30,738 - >> Working on VAR elevation - batch 44/560:windows [21500-22000]/280000
2024-09-12 13:21:44,746 - >> Working on VAR elevation - batch 45/560:windows [22000-22500]/280000
2024-09-12 13:21:57,905 - >> Working on VAR elevation - batch 46/560:windows [22500-23000]/280000
2024-09-12 13:22:10,419 - >> Working on VAR elevation - batch 47/560:windows [23000-23500]/280000
2024-09-12 13:22:23,148 - >> Working on VAR elevation - batch 48/560:windows [23500-24000]/280000
2024-09-12 13:22:43,018 - >> Working on VAR elevation - batch 49/560:windows [24000-24500]/280000
2024-09-12 13:22:56,436 - >> Working on VAR elevation - batch 50/560:windows [24500-25000]/280000
2024-09-12 13:23:08,602 - >> Working on VAR elevation - batch 51/560:windows [25000-25500]/280000
2024-09-12 13:23:20,112 - >> Working on VAR elevation - batch 52/560:windows [25500-26000]/280000
2024-09-12 13:23:27,440 - >> Working on VAR elevation - batch 53/560:windows [26000-26500]/280000
2024-09-12 13:23:37,592 - >> Working on VAR elevation - batch 54/560:windows [26500-27000]/280000
2024-09-12 13:23:48,689 - >> Working on VAR elevation - batch 55/560:windows [27000-27500]/280000
2024-09-12 13:23:57,936 - >> Working on VAR elevation - batch 56/560:windows [27500-28000]/280000
2024-09-12 13:24:06,176 - >> Working on VAR elevation - batch 57/560:windows [28000-28500]/280000
2024-09-12 13:24:18,832 - >> Working on VAR elevation - batch 58/560:windows [28500-29000]/280000
2024-09-12 13:24:32,373 - >> Working on VAR elevation - batch 59/560:windows [29000-29500]/280000
2024-09-12 13:24:44,050 - >> Working on VAR elevation - batch 60/560:windows [29500-30000]/280000
2024-09-12 13:24:59,728 - >> Working on VAR elevation - batch 61/560:windows [30000-30500]/280000
2024-09-12 13:25:21,827 - >> Working on VAR elevation - batch 62/560:windows [30500-31000]/280000
2024-09-12 13:25:32,750 - >> Working on VAR elevation - batch 63/560:windows [31000-31500]/280000
2024-09-12 13:25:39,976 - >> Working on VAR elevation - batch 64/560:windows [31500-32000]/280000
2024-09-12 13:25:54,995 - >> Working on VAR elevation - batch 65/560:windows [32000-32500]/280000
2024-09-12 13:26:16,147 - >> Working on VAR elevation - batch 66/560:windows [32500-33000]/280000
2024-09-12 13:26:25,357 - >> Working on VAR elevation - batch 67/560:windows [33000-33500]/280000
2024-09-12 13:26:37,313 - >> Working on VAR elevation - batch 68/560:windows [33500-34000]/280000
2024-09-12 13:26:47,949 - >> Working on VAR elevation - batch 69/560:windows [34000-34500]/280000
2024-09-12 13:26:57,376 - >> Working on VAR elevation - batch 70/560:windows [34500-35000]/280000
2024-09-12 13:27:08,358 - >> Working on VAR elevation - batch 71/560:windows [35000-35500]/280000
2024-09-12 13:27:27,742 - >> Working on VAR elevation - batch 72/560:windows [35500-36000]/280000
2024-09-12 13:27:39,251 - >> Working on VAR elevation - batch 73/560:windows [36000-36500]/280000
2024-09-12 13:27:47,549 - >> Working on VAR elevation - batch 74/560:windows [36500-37000]/280000
2024-09-12 13:28:03,142 - >> Working on VAR elevation - batch 75/560:windows [37000-37500]/280000
2024-09-12 13:28:15,424 - >> Working on VAR elevation - batch 76/560:windows [37500-38000]/280000
2024-09-12 13:28:25,273 - >> Working on VAR elevation - batch 77/560:windows [38000-38500]/280000
2024-09-12 13:28:42,423 - >> Working on VAR elevation - batch 78/560:windows [38500-39000]/280000
2024-09-12 13:28:55,928 - >> Working on VAR elevation - batch 79/560:windows [39000-39500]/280000
2024-09-12 13:29:08,578 - >> Working on VAR elevation - batch 80/560:windows [39500-40000]/280000
2024-09-12 13:29:18,534 - >> Working on VAR elevation - batch 81/560:windows [40000-40500]/280000
2024-09-12 13:29:37,341 - >> Working on VAR elevation - batch 82/560:windows [40500-41000]/280000
2024-09-12 13:29:48,660 - >> Working on VAR elevation - batch 83/560:windows [41000-41500]/280000
2024-09-12 13:29:59,260 - >> Working on VAR elevation - batch 84/560:windows [41500-42000]/280000
2024-09-12 13:30:06,115 - >> Working on VAR elevation - batch 85/560:windows [42000-42500]/280000
2024-09-12 13:30:22,374 - >> Working on VAR elevation - batch 86/560:windows [42500-43000]/280000
2024-09-12 13:30:36,489 - >> Working on VAR elevation - batch 87/560:windows [43000-43500]/280000
2024-09-12 13:30:45,630 - >> Working on VAR elevation - batch 88/560:windows [43500-44000]/280000
2024-09-12 13:30:56,491 - >> Working on VAR elevation - batch 89/560:windows [44000-44500]/280000
2024-09-12 13:31:08,554 - >> Working on VAR elevation - batch 90/560:windows [44500-45000]/280000
2024-09-12 13:31:22,071 - >> Working on VAR elevation - batch 91/560:windows [45000-45500]/280000
2024-09-12 13:31:35,562 - >> Working on VAR elevation - batch 92/560:windows [45500-46000]/280000
2024-09-12 13:31:51,992 - >> Working on VAR elevation - batch 93/560:windows [46000-46500]/280000
2024-09-12 13:32:20,101 - >> Working on VAR elevation - batch 94/560:windows [46500-47000]/280000
2024-09-12 13:32:28,128 - >> Working on VAR elevation - batch 95/560:windows [47000-47500]/280000
2024-09-12 13:32:47,864 - >> Working on VAR elevation - batch 96/560:windows [47500-48000]/280000
2024-09-12 13:32:58,803 - >> Working on VAR elevation - batch 97/560:windows [48000-48500]/280000
2024-09-12 13:33:16,716 - >> Working on VAR elevation - batch 98/560:windows [48500-49000]/280000
2024-09-12 13:33:29,995 - >> Working on VAR elevation - batch 99/560:windows [49000-49500]/280000
2024-09-12 13:33:41,298 - >> Working on VAR elevation - batch 100/560:windows [49500-50000]/280000
2024-09-12 13:33:53,035 - >> Working on VAR elevation - batch 101/560:windows [50000-50500]/280000
2024-09-12 13:34:02,157 - >> Working on VAR elevation - batch 102/560:windows [50500-51000]/280000
2024-09-12 13:34:12,914 - >> Working on VAR elevation - batch 103/560:windows [51000-51500]/280000
2024-09-12 13:34:31,696 - >> Working on VAR elevation - batch 104/560:windows [51500-52000]/280000
2024-09-12 13:34:43,633 - >> Working on VAR elevation - batch 105/560:windows [52000-52500]/280000
2024-09-12 13:34:55,883 - >> Working on VAR elevation - batch 106/560:windows [52500-53000]/280000
2024-09-12 13:35:08,777 - >> Working on VAR elevation - batch 107/560:windows [53000-53500]/280000
2024-09-12 13:35:28,827 - >> Working on VAR elevation - batch 108/560:windows [53500-54000]/280000
2024-09-12 13:35:37,922 - >> Working on VAR elevation - batch 109/560:windows [54000-54500]/280000
2024-09-12 13:35:47,239 - >> Working on VAR elevation - batch 110/560:windows [54500-55000]/280000
2024-09-12 13:36:03,774 - >> Working on VAR elevation - batch 111/560:windows [55000-55500]/280000
2024-09-12 13:36:15,945 - >> Working on VAR elevation - batch 112/560:windows [55500-56000]/280000
2024-09-12 13:36:22,315 - >> Working on VAR elevation - batch 113/560:windows [56000-56500]/280000
2024-09-12 13:36:37,171 - >> Working on VAR elevation - batch 114/560:windows [56500-57000]/280000
2024-09-12 13:36:55,973 - >> Working on VAR elevation - batch 115/560:windows [57000-57500]/280000
2024-09-12 13:37:07,031 - >> Working on VAR elevation - batch 116/560:windows [57500-58000]/280000
2024-09-12 13:37:18,470 - >> Working on VAR elevation - batch 117/560:windows [58000-58500]/280000
2024-09-12 13:37:30,105 - >> Working on VAR elevation - batch 118/560:windows [58500-59000]/280000
2024-09-12 13:37:42,708 - >> Working on VAR elevation - batch 119/560:windows [59000-59500]/280000
2024-09-12 13:37:50,288 - >> Working on VAR elevation - batch 120/560:windows [59500-60000]/280000
2024-09-12 13:38:05,096 - >> Working on VAR elevation - batch 121/560:windows [60000-60500]/280000
2024-09-12 13:38:15,095 - >> Working on VAR elevation - batch 122/560:windows [60500-61000]/280000
2024-09-12 13:38:24,353 - >> Working on VAR elevation - batch 123/560:windows [61000-61500]/280000
2024-09-12 13:38:40,492 - >> Working on VAR elevation - batch 124/560:windows [61500-62000]/280000
2024-09-12 13:38:57,768 - >> Working on VAR elevation - batch 125/560:windows [62000-62500]/280000
2024-09-12 13:39:18,079 - >> Working on VAR elevation - batch 126/560:windows [62500-63000]/280000
2024-09-12 13:39:24,408 - >> Working on VAR elevation - batch 127/560:windows [63000-63500]/280000
2024-09-12 13:39:43,583 - >> Working on VAR elevation - batch 128/560:windows [63500-64000]/280000
2024-09-12 13:39:54,024 - >> Working on VAR elevation - batch 129/560:windows [64000-64500]/280000
2024-09-12 13:40:05,132 - >> Working on VAR elevation - batch 130/560:windows [64500-65000]/280000
2024-09-12 13:40:32,534 - >> Working on VAR elevation - batch 131/560:windows [65000-65500]/280000
2024-09-12 13:40:49,292 - >> Working on VAR elevation - batch 132/560:windows [65500-66000]/280000
2024-09-12 13:41:00,711 - >> Working on VAR elevation - batch 133/560:windows [66000-66500]/280000
2024-09-12 13:41:07,654 - >> Working on VAR elevation - batch 134/560:windows [66500-67000]/280000
2024-09-12 13:41:20,390 - >> Working on VAR elevation - batch 135/560:windows [67000-67500]/280000
2024-09-12 13:41:31,964 - >> Working on VAR elevation - batch 136/560:windows [67500-68000]/280000
2024-09-12 13:41:40,714 - >> Working on VAR elevation - batch 137/560:windows [68000-68500]/280000
2024-09-12 13:41:50,819 - >> Working on VAR elevation - batch 138/560:windows [68500-69000]/280000
2024-09-12 13:42:01,672 - >> Working on VAR elevation - batch 139/560:windows [69000-69500]/280000
2024-09-12 13:42:15,565 - >> Working on VAR elevation - batch 140/560:windows [69500-70000]/280000
2024-09-12 13:42:25,858 - >> Working on VAR elevation - batch 141/560:windows [70000-70500]/280000
2024-09-12 13:42:38,133 - >> Working on VAR elevation - batch 142/560:windows [70500-71000]/280000
2024-09-12 13:42:49,423 - >> Working on VAR elevation - batch 143/560:windows [71000-71500]/280000
2024-09-12 13:42:58,274 - >> Working on VAR elevation - batch 144/560:windows [71500-72000]/280000
2024-09-12 13:43:09,109 - >> Working on VAR elevation - batch 145/560:windows [72000-72500]/280000
2024-09-12 13:43:19,530 - >> Working on VAR elevation - batch 146/560:windows [72500-73000]/280000
2024-09-12 13:43:40,382 - >> Working on VAR elevation - batch 147/560:windows [73000-73500]/280000
2024-09-12 13:43:51,623 - >> Working on VAR elevation - batch 148/560:windows [73500-74000]/280000
2024-09-12 13:44:04,771 - >> Working on VAR elevation - batch 149/560:windows [74000-74500]/280000
2024-09-12 13:44:25,627 - >> Working on VAR elevation - batch 150/560:windows [74500-75000]/280000
2024-09-12 13:44:38,401 - >> Working on VAR elevation - batch 151/560:windows [75000-75500]/280000
2024-09-12 13:44:56,210 - >> Working on VAR elevation - batch 152/560:windows [75500-76000]/280000
2024-09-12 13:45:10,165 - >> Working on VAR elevation - batch 153/560:windows [76000-76500]/280000
2024-09-12 13:45:22,905 - >> Working on VAR elevation - batch 154/560:windows [76500-77000]/280000
2024-09-12 13:45:31,806 - >> Working on VAR elevation - batch 155/560:windows [77000-77500]/280000
2024-09-12 13:45:49,503 - >> Working on VAR elevation - batch 156/560:windows [77500-78000]/280000
2024-09-12 13:46:01,269 - >> Working on VAR elevation - batch 157/560:windows [78000-78500]/280000
2024-09-12 13:46:09,893 - >> Working on VAR elevation - batch 158/560:windows [78500-79000]/280000
2024-09-12 13:46:28,021 - >> Working on VAR elevation - batch 159/560:windows [79000-79500]/280000
2024-09-12 13:46:39,459 - >> Working on VAR elevation - batch 160/560:windows [79500-80000]/280000
2024-09-12 13:46:53,896 - >> Working on VAR elevation - batch 161/560:windows [80000-80500]/280000
2024-09-12 13:47:02,618 - >> Working on VAR elevation - batch 162/560:windows [80500-81000]/280000
2024-09-12 13:47:24,256 - >> Working on VAR elevation - batch 163/560:windows [81000-81500]/280000
2024-09-12 13:47:43,946 - >> Working on VAR elevation - batch 164/560:windows [81500-82000]/280000
2024-09-12 13:47:59,943 - >> Working on VAR elevation - batch 165/560:windows [82000-82500]/280000
2024-09-12 13:48:11,741 - >> Working on VAR elevation - batch 166/560:windows [82500-83000]/280000
2024-09-12 13:48:24,735 - >> Working on VAR elevation - batch 167/560:windows [83000-83500]/280000
2024-09-12 13:48:34,985 - >> Working on VAR elevation - batch 168/560:windows [83500-84000]/280000
2024-09-12 13:48:45,595 - >> Working on VAR elevation - batch 169/560:windows [84000-84500]/280000
2024-09-12 13:48:59,678 - >> Working on VAR elevation - batch 170/560:windows [84500-85000]/280000
2024-09-12 13:49:29,911 - >> Working on VAR elevation - batch 171/560:windows [85000-85500]/280000
2024-09-12 13:49:39,982 - >> Working on VAR elevation - batch 172/560:windows [85500-86000]/280000
2024-09-12 13:49:50,466 - >> Working on VAR elevation - batch 173/560:windows [86000-86500]/280000
2024-09-12 13:50:04,976 - >> Working on VAR elevation - batch 174/560:windows [86500-87000]/280000
2024-09-12 13:50:38,320 - >> Working on VAR elevation - batch 175/560:windows [87000-87500]/280000
2024-09-12 13:50:48,862 - >> Working on VAR elevation - batch 176/560:windows [87500-88000]/280000
2024-09-12 13:51:02,557 - >> Working on VAR elevation - batch 177/560:windows [88000-88500]/280000
2024-09-12 13:51:14,166 - >> Working on VAR elevation - batch 178/560:windows [88500-89000]/280000
2024-09-12 13:51:26,024 - >> Working on VAR elevation - batch 179/560:windows [89000-89500]/280000
2024-09-12 13:51:37,199 - >> Working on VAR elevation - batch 180/560:windows [89500-90000]/280000
2024-09-12 13:51:59,188 - >> Working on VAR elevation - batch 181/560:windows [90000-90500]/280000
2024-09-12 13:52:09,611 - >> Working on VAR elevation - batch 182/560:windows [90500-91000]/280000
2024-09-12 13:52:18,001 - >> Working on VAR elevation - batch 183/560:windows [91000-91500]/280000
2024-09-12 13:52:30,012 - >> Working on VAR elevation - batch 184/560:windows [91500-92000]/280000
2024-09-12 13:52:42,380 - >> Working on VAR elevation - batch 185/560:windows [92000-92500]/280000
2024-09-12 13:52:51,683 - >> Working on VAR elevation - batch 186/560:windows [92500-93000]/280000
2024-09-12 13:53:01,620 - >> Working on VAR elevation - batch 187/560:windows [93000-93500]/280000
2024-09-12 13:53:14,476 - >> Working on VAR elevation - batch 188/560:windows [93500-94000]/280000
2024-09-12 13:53:28,750 - >> Working on VAR elevation - batch 189/560:windows [94000-94500]/280000
2024-09-12 13:53:37,219 - >> Working on VAR elevation - batch 190/560:windows [94500-95000]/280000
2024-09-12 13:53:51,035 - >> Working on VAR elevation - batch 191/560:windows [95000-95500]/280000
2024-09-12 13:54:02,913 - >> Working on VAR elevation - batch 192/560:windows [95500-96000]/280000
2024-09-12 13:54:13,103 - >> Working on VAR elevation - batch 193/560:windows [96000-96500]/280000
2024-09-12 13:54:23,076 - >> Working on VAR elevation - batch 194/560:windows [96500-97000]/280000
2024-09-12 13:54:42,104 - >> Working on VAR elevation - batch 195/560:windows [97000-97500]/280000
2024-09-12 13:55:04,288 - >> Working on VAR elevation - batch 196/560:windows [97500-98000]/280000
2024-09-12 13:55:18,363 - >> Working on VAR elevation - batch 197/560:windows [98000-98500]/280000
2024-09-12 13:55:33,230 - >> Working on VAR elevation - batch 198/560:windows [98500-99000]/280000
2024-09-12 13:55:44,964 - >> Working on VAR elevation - batch 199/560:windows [99000-99500]/280000
2024-09-12 13:55:56,356 - >> Working on VAR elevation - batch 200/560:windows [99500-100000]/280000
2024-09-12 13:56:07,779 - >> Working on VAR elevation - batch 201/560:windows [100000-100500]/280000
2024-09-12 13:56:24,483 - >> Working on VAR elevation - batch 202/560:windows [100500-101000]/280000
2024-09-12 13:56:36,463 - >> Working on VAR elevation - batch 203/560:windows [101000-101500]/280000
2024-09-12 13:56:48,287 - >> Working on VAR elevation - batch 204/560:windows [101500-102000]/280000
2024-09-12 13:57:02,344 - >> Working on VAR elevation - batch 205/560:windows [102000-102500]/280000
2024-09-12 13:57:15,802 - >> Working on VAR elevation - batch 206/560:windows [102500-103000]/280000
2024-09-12 13:57:29,215 - >> Working on VAR elevation - batch 207/560:windows [103000-103500]/280000
2024-09-12 13:57:43,281 - >> Working on VAR elevation - batch 208/560:windows [103500-104000]/280000
2024-09-12 13:58:00,570 - >> Working on VAR elevation - batch 209/560:windows [104000-104500]/280000
2024-09-12 13:58:09,152 - >> Working on VAR elevation - batch 210/560:windows [104500-105000]/280000
2024-09-12 13:58:34,361 - >> Working on VAR elevation - batch 211/560:windows [105000-105500]/280000
2024-09-12 13:58:48,340 - >> Working on VAR elevation - batch 212/560:windows [105500-106000]/280000
2024-09-12 13:59:06,461 - >> Working on VAR elevation - batch 213/560:windows [106000-106500]/280000
2024-09-12 13:59:17,979 - >> Working on VAR elevation - batch 214/560:windows [106500-107000]/280000
2024-09-12 13:59:25,592 - >> Working on VAR elevation - batch 215/560:windows [107000-107500]/280000
2024-09-12 13:59:36,390 - >> Working on VAR elevation - batch 216/560:windows [107500-108000]/280000
2024-09-12 13:59:47,935 - >> Working on VAR elevation - batch 217/560:windows [108000-108500]/280000
2024-09-12 13:59:58,927 - >> Working on VAR elevation - batch 218/560:windows [108500-109000]/280000
2024-09-12 14:00:14,099 - >> Working on VAR elevation - batch 219/560:windows [109000-109500]/280000
2024-09-12 14:00:27,924 - >> Working on VAR elevation - batch 220/560:windows [109500-110000]/280000
2024-09-12 14:00:39,659 - >> Working on VAR elevation - batch 221/560:windows [110000-110500]/280000
2024-09-12 14:00:50,294 - >> Working on VAR elevation - batch 222/560:windows [110500-111000]/280000
2024-09-12 14:01:03,135 - >> Working on VAR elevation - batch 223/560:windows [111000-111500]/280000
2024-09-12 14:01:14,857 - >> Working on VAR elevation - batch 224/560:windows [111500-112000]/280000
2024-09-12 14:01:25,295 - >> Working on VAR elevation - batch 225/560:windows [112000-112500]/280000
2024-09-12 14:01:38,061 - >> Working on VAR elevation - batch 226/560:windows [112500-113000]/280000
2024-09-12 14:01:53,660 - >> Working on VAR elevation - batch 227/560:windows [113000-113500]/280000
2024-09-12 14:02:04,579 - >> Working on VAR elevation - batch 228/560:windows [113500-114000]/280000
2024-09-12 14:02:16,416 - >> Working on VAR elevation - batch 229/560:windows [114000-114500]/280000
2024-09-12 14:02:36,821 - >> Working on VAR elevation - batch 230/560:windows [114500-115000]/280000
2024-09-12 14:02:50,070 - >> Working on VAR elevation - batch 231/560:windows [115000-115500]/280000
2024-09-12 14:03:00,418 - >> Working on VAR elevation - batch 232/560:windows [115500-116000]/280000
2024-09-12 14:03:11,876 - >> Working on VAR elevation - batch 233/560:windows [116000-116500]/280000
2024-09-12 14:03:22,894 - >> Working on VAR elevation - batch 234/560:windows [116500-117000]/280000
2024-09-12 14:03:34,698 - >> Working on VAR elevation - batch 235/560:windows [117000-117500]/280000
2024-09-12 14:03:44,512 - >> Working on VAR elevation - batch 236/560:windows [117500-118000]/280000
2024-09-12 14:03:55,369 - >> Working on VAR elevation - batch 237/560:windows [118000-118500]/280000
2024-09-12 14:04:06,484 - >> Working on VAR elevation - batch 238/560:windows [118500-119000]/280000
2024-09-12 14:04:15,754 - >> Working on VAR elevation - batch 239/560:windows [119000-119500]/280000
2024-09-12 14:04:27,362 - >> Working on VAR elevation - batch 240/560:windows [119500-120000]/280000
2024-09-12 14:04:39,288 - >> Working on VAR elevation - batch 241/560:windows [120000-120500]/280000
2024-09-12 14:04:46,788 - >> Working on VAR elevation - batch 242/560:windows [120500-121000]/280000
2024-09-12 14:04:53,579 - >> Working on VAR elevation - batch 243/560:windows [121000-121500]/280000
2024-09-12 14:05:12,883 - >> Working on VAR elevation - batch 244/560:windows [121500-122000]/280000
2024-09-12 14:05:32,197 - >> Working on VAR elevation - batch 245/560:windows [122000-122500]/280000
2024-09-12 14:05:40,873 - >> Working on VAR elevation - batch 246/560:windows [122500-123000]/280000
2024-09-12 14:05:51,388 - >> Working on VAR elevation - batch 247/560:windows [123000-123500]/280000
2024-09-12 14:06:01,070 - >> Working on VAR elevation - batch 248/560:windows [123500-124000]/280000
2024-09-12 14:06:11,730 - >> Working on VAR elevation - batch 249/560:windows [124000-124500]/280000
2024-09-12 14:06:21,110 - >> Working on VAR elevation - batch 250/560:windows [124500-125000]/280000
2024-09-12 14:06:31,736 - >> Working on VAR elevation - batch 251/560:windows [125000-125500]/280000
2024-09-12 14:06:41,793 - >> Working on VAR elevation - batch 252/560:windows [125500-126000]/280000
2024-09-12 14:06:49,534 - >> Working on VAR elevation - batch 253/560:windows [126000-126500]/280000
2024-09-12 14:06:59,650 - >> Working on VAR elevation - batch 254/560:windows [126500-127000]/280000
2024-09-12 14:07:10,726 - >> Working on VAR elevation - batch 255/560:windows [127000-127500]/280000
2024-09-12 14:07:21,917 - >> Working on VAR elevation - batch 256/560:windows [127500-128000]/280000
2024-09-12 14:07:27,424 - >> Working on VAR elevation - batch 257/560:windows [128000-128500]/280000
2024-09-12 14:07:36,058 - >> Working on VAR elevation - batch 258/560:windows [128500-129000]/280000
2024-09-12 14:07:43,877 - >> Working on VAR elevation - batch 259/560:windows [129000-129500]/280000
2024-09-12 14:07:48,274 - >> Working on VAR elevation - batch 260/560:windows [129500-130000]/280000
2024-09-12 14:07:59,114 - >> Working on VAR elevation - batch 261/560:windows [130000-130500]/280000
2024-09-12 14:08:15,373 - >> Working on VAR elevation - batch 262/560:windows [130500-131000]/280000
2024-09-12 14:08:24,733 - >> Working on VAR elevation - batch 263/560:windows [131000-131500]/280000
2024-09-12 14:08:30,649 - >> Working on VAR elevation - batch 264/560:windows [131500-132000]/280000
2024-09-12 14:08:39,137 - >> Working on VAR elevation - batch 265/560:windows [132000-132500]/280000
2024-09-12 14:08:48,537 - >> Working on VAR elevation - batch 266/560:windows [132500-133000]/280000
2024-09-12 14:08:52,552 - >> Working on VAR elevation - batch 267/560:windows [133000-133500]/280000
2024-09-12 14:09:09,857 - >> Working on VAR elevation - batch 268/560:windows [133500-134000]/280000
2024-09-12 14:09:18,201 - >> Working on VAR elevation - batch 269/560:windows [134000-134500]/280000
2024-09-12 14:09:26,001 - >> Working on VAR elevation - batch 270/560:windows [134500-135000]/280000
2024-09-12 14:09:31,883 - >> Working on VAR elevation - batch 271/560:windows [135000-135500]/280000
2024-09-12 14:09:40,105 - >> Working on VAR elevation - batch 272/560:windows [135500-136000]/280000
2024-09-12 14:09:48,661 - >> Working on VAR elevation - batch 273/560:windows [136000-136500]/280000
2024-09-12 14:09:52,512 - >> Working on VAR elevation - batch 274/560:windows [136500-137000]/280000
2024-09-12 14:10:02,738 - >> Working on VAR elevation - batch 275/560:windows [137000-137500]/280000
2024-09-12 14:10:12,917 - >> Working on VAR elevation - batch 276/560:windows [137500-138000]/280000
2024-09-12 14:10:19,571 - >> Working on VAR elevation - batch 277/560:windows [138000-138500]/280000
2024-09-12 14:10:25,801 - >> Working on VAR elevation - batch 278/560:windows [138500-139000]/280000
2024-09-12 14:10:44,052 - >> Working on VAR elevation - batch 279/560:windows [139000-139500]/280000
2024-09-12 14:10:56,136 - >> Working on VAR elevation - batch 280/560:windows [139500-140000]/280000
2024-09-12 14:11:02,396 - >> Working on VAR elevation - batch 281/560:windows [140000-140500]/280000
2024-09-12 14:11:10,823 - >> Working on VAR elevation - batch 282/560:windows [140500-141000]/280000
2024-09-12 14:11:19,101 - >> Working on VAR elevation - batch 283/560:windows [141000-141500]/280000
2024-09-12 14:11:26,646 - >> Working on VAR elevation - batch 284/560:windows [141500-142000]/280000
2024-09-12 14:11:36,396 - >> Working on VAR elevation - batch 285/560:windows [142000-142500]/280000
2024-09-12 14:11:47,772 - >> Working on VAR elevation - batch 286/560:windows [142500-143000]/280000
2024-09-12 14:11:57,278 - >> Working on VAR elevation - batch 287/560:windows [143000-143500]/280000
2024-09-12 14:12:03,025 - >> Working on VAR elevation - batch 288/560:windows [143500-144000]/280000
2024-09-12 14:12:12,674 - >> Working on VAR elevation - batch 289/560:windows [144000-144500]/280000
2024-09-12 14:12:21,206 - >> Working on VAR elevation - batch 290/560:windows [144500-145000]/280000
2024-09-12 14:12:28,333 - >> Working on VAR elevation - batch 291/560:windows [145000-145500]/280000
2024-09-12 14:12:34,576 - >> Working on VAR elevation - batch 292/560:windows [145500-146000]/280000
2024-09-12 14:12:42,433 - >> Working on VAR elevation - batch 293/560:windows [146000-146500]/280000
2024-09-12 14:12:51,183 - >> Working on VAR elevation - batch 294/560:windows [146500-147000]/280000
2024-09-12 14:12:53,485 - >> Working on VAR elevation - batch 295/560:windows [147000-147500]/280000
2024-09-12 14:13:06,843 - >> Working on VAR elevation - batch 296/560:windows [147500-148000]/280000
2024-09-12 14:13:19,813 - >> Working on VAR elevation - batch 297/560:windows [148000-148500]/280000
2024-09-12 14:13:30,679 - >> Working on VAR elevation - batch 298/560:windows [148500-149000]/280000
2024-09-12 14:13:41,441 - >> Working on VAR elevation - batch 299/560:windows [149000-149500]/280000
2024-09-12 14:13:50,752 - >> Working on VAR elevation - batch 300/560:windows [149500-150000]/280000
2024-09-12 14:14:13,538 - >> Working on VAR elevation - batch 301/560:windows [150000-150500]/280000
2024-09-12 14:14:17,906 - >> Working on VAR elevation - batch 302/560:windows [150500-151000]/280000
2024-09-12 14:14:26,761 - >> Working on VAR elevation - batch 303/560:windows [151000-151500]/280000
2024-09-12 14:14:47,239 - >> Working on VAR elevation - batch 304/560:windows [151500-152000]/280000
2024-09-12 14:14:56,103 - >> Working on VAR elevation - batch 305/560:windows [152000-152500]/280000
2024-09-12 14:15:02,314 - >> Working on VAR elevation - batch 306/560:windows [152500-153000]/280000
2024-09-12 14:15:34,731 - >> Working on VAR elevation - batch 307/560:windows [153000-153500]/280000
2024-09-12 14:15:47,886 - >> Working on VAR elevation - batch 308/560:windows [153500-154000]/280000
2024-09-12 14:15:50,744 - >> Working on VAR elevation - batch 309/560:windows [154000-154500]/280000
2024-09-12 14:16:05,846 - >> Working on VAR elevation - batch 310/560:windows [154500-155000]/280000
2024-09-12 14:16:27,740 - >> Working on VAR elevation - batch 311/560:windows [155000-155500]/280000
2024-09-12 14:16:36,270 - >> Working on VAR elevation - batch 312/560:windows [155500-156000]/280000
2024-09-12 14:16:42,652 - >> Working on VAR elevation - batch 313/560:windows [156000-156500]/280000
2024-09-12 14:16:50,703 - >> Working on VAR elevation - batch 314/560:windows [156500-157000]/280000
2024-09-12 14:17:03,952 - >> Working on VAR elevation - batch 315/560:windows [157000-157500]/280000
2024-09-12 14:17:06,640 - >> Working on VAR elevation - batch 316/560:windows [157500-158000]/280000
2024-09-12 14:17:32,994 - >> Working on VAR elevation - batch 317/560:windows [158000-158500]/280000
2024-09-12 14:17:45,221 - >> Working on VAR elevation - batch 318/560:windows [158500-159000]/280000
2024-09-12 14:17:53,089 - >> Working on VAR elevation - batch 319/560:windows [159000-159500]/280000
2024-09-12 14:17:58,915 - >> Working on VAR elevation - batch 320/560:windows [159500-160000]/280000
2024-09-12 14:18:06,790 - >> Working on VAR elevation - batch 321/560:windows [160000-160500]/280000
2024-09-12 14:18:18,425 - >> Working on VAR elevation - batch 322/560:windows [160500-161000]/280000
2024-09-12 14:18:22,259 - >> Working on VAR elevation - batch 323/560:windows [161000-161500]/280000
2024-09-12 14:18:30,088 - >> Working on VAR elevation - batch 324/560:windows [161500-162000]/280000
2024-09-12 14:18:38,683 - >> Working on VAR elevation - batch 325/560:windows [162000-162500]/280000
2024-09-12 14:18:51,515 - >> Working on VAR elevation - batch 326/560:windows [162500-163000]/280000
2024-09-12 14:19:04,666 - >> Working on VAR elevation - batch 327/560:windows [163000-163500]/280000
2024-09-12 14:19:31,340 - >> Working on VAR elevation - batch 328/560:windows [163500-164000]/280000
2024-09-12 14:19:44,238 - >> Working on VAR elevation - batch 329/560:windows [164000-164500]/280000
2024-09-12 14:19:48,551 - >> Working on VAR elevation - batch 330/560:windows [164500-165000]/280000
2024-09-12 14:19:58,906 - >> Working on VAR elevation - batch 331/560:windows [165000-165500]/280000
2024-09-12 14:20:10,672 - >> Working on VAR elevation - batch 332/560:windows [165500-166000]/280000
2024-09-12 14:20:19,067 - >> Working on VAR elevation - batch 333/560:windows [166000-166500]/280000
2024-09-12 14:20:26,114 - >> Working on VAR elevation - batch 334/560:windows [166500-167000]/280000
2024-09-12 14:20:41,860 - >> Working on VAR elevation - batch 335/560:windows [167000-167500]/280000
2024-09-12 14:20:53,860 - >> Working on VAR elevation - batch 336/560:windows [167500-168000]/280000
2024-09-12 14:20:58,164 - >> Working on VAR elevation - batch 337/560:windows [168000-168500]/280000
2024-09-12 14:21:07,879 - >> Working on VAR elevation - batch 338/560:windows [168500-169000]/280000
2024-09-12 14:21:19,797 - >> Working on VAR elevation - batch 339/560:windows [169000-169500]/280000
2024-09-12 14:21:27,727 - >> Working on VAR elevation - batch 340/560:windows [169500-170000]/280000
2024-09-12 14:21:37,917 - >> Working on VAR elevation - batch 341/560:windows [170000-170500]/280000
2024-09-12 14:21:48,404 - >> Working on VAR elevation - batch 342/560:windows [170500-171000]/280000
2024-09-12 14:22:00,693 - >> Working on VAR elevation - batch 343/560:windows [171000-171500]/280000
2024-09-12 14:22:09,388 - >> Working on VAR elevation - batch 344/560:windows [171500-172000]/280000
2024-09-12 14:22:32,400 - >> Working on VAR elevation - batch 345/560:windows [172000-172500]/280000
2024-09-12 14:23:30,428 - >> Working on VAR elevation - batch 346/560:windows [172500-173000]/280000
2024-09-12 14:23:39,960 - >> Working on VAR elevation - batch 347/560:windows [173000-173500]/280000
2024-09-12 14:23:49,339 - >> Working on VAR elevation - batch 348/560:windows [173500-174000]/280000
2024-09-12 14:24:00,114 - >> Working on VAR elevation - batch 349/560:windows [174000-174500]/280000
2024-09-12 14:24:12,584 - >> Working on VAR elevation - batch 350/560:windows [174500-175000]/280000
2024-09-12 14:24:18,933 - >> Working on VAR elevation - batch 351/560:windows [175000-175500]/280000
2024-09-12 14:24:27,942 - >> Working on VAR elevation - batch 352/560:windows [175500-176000]/280000
2024-09-12 14:24:38,035 - >> Working on VAR elevation - batch 353/560:windows [176000-176500]/280000
2024-09-12 14:24:46,784 - >> Working on VAR elevation - batch 354/560:windows [176500-177000]/280000
2024-09-12 14:24:55,937 - >> Working on VAR elevation - batch 355/560:windows [177000-177500]/280000
2024-09-12 14:25:05,604 - >> Working on VAR elevation - batch 356/560:windows [177500-178000]/280000
2024-09-12 14:25:16,305 - >> Working on VAR elevation - batch 357/560:windows [178000-178500]/280000
2024-09-12 14:25:21,925 - >> Working on VAR elevation - batch 358/560:windows [178500-179000]/280000
2024-09-12 14:25:41,162 - >> Working on VAR elevation - batch 359/560:windows [179000-179500]/280000
2024-09-12 14:25:52,826 - >> Working on VAR elevation - batch 360/560:windows [179500-180000]/280000
2024-09-12 14:26:08,600 - >> Working on VAR elevation - batch 361/560:windows [180000-180500]/280000
2024-09-12 14:26:25,995 - >> Working on VAR elevation - batch 362/560:windows [180500-181000]/280000
2024-09-12 14:26:35,773 - >> Working on VAR elevation - batch 363/560:windows [181000-181500]/280000
2024-09-12 14:26:46,628 - >> Working on VAR elevation - batch 364/560:windows [181500-182000]/280000
2024-09-12 14:26:56,679 - >> Working on VAR elevation - batch 365/560:windows [182000-182500]/280000
2024-09-12 14:27:07,208 - >> Working on VAR elevation - batch 366/560:windows [182500-183000]/280000
2024-09-12 14:27:18,640 - >> Working on VAR elevation - batch 367/560:windows [183000-183500]/280000
2024-09-12 14:27:30,793 - >> Working on VAR elevation - batch 368/560:windows [183500-184000]/280000
2024-09-12 14:27:41,022 - >> Working on VAR elevation - batch 369/560:windows [184000-184500]/280000
2024-09-12 14:27:52,299 - >> Working on VAR elevation - batch 370/560:windows [184500-185000]/280000
2024-09-12 14:28:03,641 - >> Working on VAR elevation - batch 371/560:windows [185000-185500]/280000
2024-09-12 14:28:12,389 - >> Working on VAR elevation - batch 372/560:windows [185500-186000]/280000
2024-09-12 14:28:21,702 - >> Working on VAR elevation - batch 373/560:windows [186000-186500]/280000
2024-09-12 14:28:32,737 - >> Working on VAR elevation - batch 374/560:windows [186500-187000]/280000
2024-09-12 14:28:43,198 - >> Working on VAR elevation - batch 375/560:windows [187000-187500]/280000
2024-09-12 14:28:51,981 - >> Working on VAR elevation - batch 376/560:windows [187500-188000]/280000
2024-09-12 14:29:10,686 - >> Working on VAR elevation - batch 377/560:windows [188000-188500]/280000
2024-09-12 14:29:24,873 - >> Working on VAR elevation - batch 378/560:windows [188500-189000]/280000
2024-09-12 14:29:35,048 - >> Working on VAR elevation - batch 379/560:windows [189000-189500]/280000
2024-09-12 14:29:46,641 - >> Working on VAR elevation - batch 380/560:windows [189500-190000]/280000
2024-09-12 14:30:12,232 - >> Working on VAR elevation - batch 381/560:windows [190000-190500]/280000
2024-09-12 14:30:25,896 - >> Working on VAR elevation - batch 382/560:windows [190500-191000]/280000
2024-09-12 14:30:37,603 - >> Working on VAR elevation - batch 383/560:windows [191000-191500]/280000
2024-09-12 14:30:47,273 - >> Working on VAR elevation - batch 384/560:windows [191500-192000]/280000
2024-09-12 14:30:56,400 - >> Working on VAR elevation - batch 385/560:windows [192000-192500]/280000
2024-09-12 14:31:05,694 - >> Working on VAR elevation - batch 386/560:windows [192500-193000]/280000
2024-09-12 14:31:15,228 - >> Working on VAR elevation - batch 387/560:windows [193000-193500]/280000
2024-09-12 14:31:25,846 - >> Working on VAR elevation - batch 388/560:windows [193500-194000]/280000
2024-09-12 14:31:36,813 - >> Working on VAR elevation - batch 389/560:windows [194000-194500]/280000
2024-09-12 14:31:51,499 - >> Working on VAR elevation - batch 390/560:windows [194500-195000]/280000
2024-09-12 14:32:04,831 - >> Working on VAR elevation - batch 391/560:windows [195000-195500]/280000
2024-09-12 14:32:15,000 - >> Working on VAR elevation - batch 392/560:windows [195500-196000]/280000
2024-09-12 14:32:25,846 - >> Working on VAR elevation - batch 393/560:windows [196000-196500]/280000
2024-09-12 14:32:45,417 - >> Working on VAR elevation - batch 394/560:windows [196500-197000]/280000
2024-09-12 14:33:23,146 - >> Working on VAR elevation - batch 395/560:windows [197000-197500]/280000
2024-09-12 14:33:32,353 - >> Working on VAR elevation - batch 396/560:windows [197500-198000]/280000
2024-09-12 14:33:42,825 - >> Working on VAR elevation - batch 397/560:windows [198000-198500]/280000
2024-09-12 14:33:53,704 - >> Working on VAR elevation - batch 398/560:windows [198500-199000]/280000
2024-09-12 14:34:02,930 - >> Working on VAR elevation - batch 399/560:windows [199000-199500]/280000
2024-09-12 14:34:12,524 - >> Working on VAR elevation - batch 400/560:windows [199500-200000]/280000
2024-09-12 14:34:22,779 - >> Working on VAR elevation - batch 401/560:windows [200000-200500]/280000
2024-09-12 14:34:33,887 - >> Working on VAR elevation - batch 402/560:windows [200500-201000]/280000
2024-09-12 14:34:44,043 - >> Working on VAR elevation - batch 403/560:windows [201000-201500]/280000
2024-09-12 14:34:55,067 - >> Working on VAR elevation - batch 404/560:windows [201500-202000]/280000
2024-09-12 14:35:06,152 - >> Working on VAR elevation - batch 405/560:windows [202000-202500]/280000
2024-09-12 14:35:16,124 - >> Working on VAR elevation - batch 406/560:windows [202500-203000]/280000
2024-09-12 14:35:26,007 - >> Working on VAR elevation - batch 407/560:windows [203000-203500]/280000
2024-09-12 14:35:37,171 - >> Working on VAR elevation - batch 408/560:windows [203500-204000]/280000
2024-09-12 14:35:47,711 - >> Working on VAR elevation - batch 409/560:windows [204000-204500]/280000
2024-09-12 14:36:01,466 - >> Working on VAR elevation - batch 410/560:windows [204500-205000]/280000
2024-09-12 14:36:22,099 - >> Working on VAR elevation - batch 411/560:windows [205000-205500]/280000
2024-09-12 14:36:35,999 - >> Working on VAR elevation - batch 412/560:windows [205500-206000]/280000
2024-09-12 14:36:45,432 - >> Working on VAR elevation - batch 413/560:windows [206000-206500]/280000
2024-09-12 14:36:55,040 - >> Working on VAR elevation - batch 414/560:windows [206500-207000]/280000
2024-09-12 14:37:11,882 - >> Working on VAR elevation - batch 415/560:windows [207000-207500]/280000
2024-09-12 14:37:25,003 - >> Working on VAR elevation - batch 416/560:windows [207500-208000]/280000
2024-09-12 14:37:35,688 - >> Working on VAR elevation - batch 417/560:windows [208000-208500]/280000
2024-09-12 14:37:50,577 - >> Working on VAR elevation - batch 418/560:windows [208500-209000]/280000
2024-09-12 14:38:02,165 - >> Working on VAR elevation - batch 419/560:windows [209000-209500]/280000
2024-09-12 14:38:11,454 - >> Working on VAR elevation - batch 420/560:windows [209500-210000]/280000
2024-09-12 14:38:21,045 - >> Working on VAR elevation - batch 421/560:windows [210000-210500]/280000
2024-09-12 14:38:34,502 - >> Working on VAR elevation - batch 422/560:windows [210500-211000]/280000
2024-09-12 14:38:43,913 - >> Working on VAR elevation - batch 423/560:windows [211000-211500]/280000
2024-09-12 14:38:53,765 - >> Working on VAR elevation - batch 424/560:windows [211500-212000]/280000
2024-09-12 14:39:03,763 - >> Working on VAR elevation - batch 425/560:windows [212000-212500]/280000
2024-09-12 14:39:36,694 - >> Working on VAR elevation - batch 426/560:windows [212500-213000]/280000
2024-09-12 14:39:49,247 - >> Working on VAR elevation - batch 427/560:windows [213000-213500]/280000
2024-09-12 14:40:00,078 - >> Working on VAR elevation - batch 428/560:windows [213500-214000]/280000
2024-09-12 14:40:18,696 - >> Working on VAR elevation - batch 429/560:windows [214000-214500]/280000
2024-09-12 14:40:30,967 - >> Working on VAR elevation - batch 430/560:windows [214500-215000]/280000
2024-09-12 14:40:42,621 - >> Working on VAR elevation - batch 431/560:windows [215000-215500]/280000
2024-09-12 14:40:53,591 - >> Working on VAR elevation - batch 432/560:windows [215500-216000]/280000
